2020-04-11 09:49:53.172 DEBUG [main] [stepDefinations.ValidateRegistation] [intialize_the_browser_with_chrome_Driver] [stepDefinations.ValidateRegistation.intialize_the_browser_with_chrome_Driver(ValidateRegistation.java:22)] - setting chrome driver property
2020-04-11 09:49:53.393 DEBUG [main] [stepDefinations.ValidateLogin] [intialize_the_browser_with_chrome] [stepDefinations.ValidateLogin.intialize_the_browser_with_chrome(ValidateLogin.java:24)] - setting chrome driver property
2020-04-11 09:49:53.432 DEBUG [main] [stepDefinations.ValidateTextAndImage] [intialize_the_browser_with_chrome] [stepDefinations.ValidateTextAndImage.intialize_the_browser_with_chrome(ValidateTextAndImage.java:23)] - setting chrome driver property
2020-04-11 09:49:53.460 DEBUG [main] [stepDefinations.BookNavigationPages] [intialize_the_browser_with_chrome_driver] [stepDefinations.BookNavigationPages.intialize_the_browser_with_chrome_driver(BookNavigationPages.java:22)] - setting chrome driver property
2020-04-11 09:49:53.492 DEBUG [main] [stepDefinations.BookNavigationPages] [intialize_The_browser_with_chrome_driver] [stepDefinations.ValidateSortByFiletr.intialize_The_browser_with_chrome_driver(ValidateSortByFiletr.java:17)] - setting chrome driver property
2020-04-11 09:52:27.467 DEBUG [main] [stepDefinations.ValidateRegistation] [intialize_the_browser_with_chrome_Driver] [stepDefinations.ValidateRegistation.intialize_the_browser_with_chrome_Driver(ValidateRegistation.java:22)] - setting chrome driver property
2020-04-11 09:52:27.619 DEBUG [main] [stepDefinations.ValidateLogin] [intialize_the_browser_with_chrome] [stepDefinations.ValidateLogin.intialize_the_browser_with_chrome(ValidateLogin.java:24)] - setting chrome driver property
2020-04-11 09:52:27.669 DEBUG [main] [stepDefinations.ValidateTextAndImage] [intialize_the_browser_with_chrome] [stepDefinations.ValidateTextAndImage.intialize_the_browser_with_chrome(ValidateTextAndImage.java:23)] - setting chrome driver property
2020-04-11 09:52:27.727 DEBUG [main] [stepDefinations.BookNavigationPages] [intialize_the_browser_with_chrome_driver] [stepDefinations.BookNavigationPages.intialize_the_browser_with_chrome_driver(BookNavigationPages.java:22)] - setting chrome driver property
2020-04-11 09:52:27.751 DEBUG [main] [stepDefinations.BookNavigationPages] [intialize_The_browser_with_chrome_driver] [stepDefinations.ValidateSortByFiletr.intialize_The_browser_with_chrome_driver(ValidateSortByFiletr.java:17)] - setting chrome driver property
2020-04-11 09:59:35.535 DEBUG [main] [stepDefinations.ValidateRegistation] [intialize_the_browser_with_chrome_Driver] [stepDefinations.ValidateRegistation.intialize_the_browser_with_chrome_Driver(ValidateRegistation.java:22)] - setting chrome driver property
2020-04-11 09:59:35.684 DEBUG [main] [stepDefinations.ValidateLogin] [intialize_the_browser_with_chrome] [stepDefinations.ValidateLogin.intialize_the_browser_with_chrome(ValidateLogin.java:24)] - setting chrome driver property
2020-04-11 09:59:35.709 DEBUG [main] [stepDefinations.ValidateTextAndImage] [intialize_the_browser_with_chrome] [stepDefinations.ValidateTextAndImage.intialize_the_browser_with_chrome(ValidateTextAndImage.java:23)] - setting chrome driver property
2020-04-11 09:59:35.737 DEBUG [main] [stepDefinations.BookNavigationPages] [intialize_the_browser_with_chrome_driver] [stepDefinations.BookNavigationPages.intialize_the_browser_with_chrome_driver(BookNavigationPages.java:22)] - setting chrome driver property
2020-04-11 09:59:35.758 DEBUG [main] [stepDefinations.BookNavigationPages] [intialize_The_browser_with_chrome_driver] [stepDefinations.ValidateSortByFiletr.intialize_The_browser_with_chrome_driver(ValidateSortByFiletr.java:17)] - setting chrome driver property
2020-04-11 10:05:10.323 DEBUG [main] [stepDefinations.ValidateRegistation] [intialize_the_browser_with_chrome_Driver] [stepDefinations.ValidateRegistation.intialize_the_browser_with_chrome_Driver(ValidateRegistation.java:22)] - setting chrome driver property
2020-04-11 10:05:22.147 INFO [main] [stepDefinations.ValidateRegistation] [intialize_the_browser_with_chrome_Driver] [stepDefinations.ValidateRegistation.intialize_the_browser_with_chrome_Driver(ValidateRegistation.java:24)] - chrome driver intialized successfully
2020-04-11 10:05:22.182 DEBUG [main] [stepDefinations.ValidateRegistation] [user_enters_Navigate_to_Home_page] [stepDefinations.ValidateRegistation.user_enters_Navigate_to_Home_page(ValidateRegistation.java:30)] - hitting the demo web shop website url
2020-04-11 10:05:26.267 INFO [main] [stepDefinations.ValidateRegistation] [user_enters_Navigate_to_Home_page] [stepDefinations.ValidateRegistation.user_enters_Navigate_to_Home_page(ValidateRegistation.java:32)] - landed on the home page
2020-04-11 10:05:26.345 INFO [main] [stepDefinations.ValidateRegistation] [click_on_Register_in_home_page_to_land_on_secure_Registration_page] [stepDefinations.ValidateRegistation.click_on_Register_in_home_page_to_land_on_secure_Registration_page(ValidateRegistation.java:39)] - clicking on register button
2020-04-11 10:05:27.268 INFO [main] [stepDefinations.ValidateRegistation] [click_on_Register_in_home_page_to_land_on_secure_Registration_page] [stepDefinations.ValidateRegistation.click_on_Register_in_home_page_to_land_on_secure_Registration_page(ValidateRegistation.java:41)] - navigated to register page successfully
2020-04-11 10:05:28.397 DEBUG [main] [stepDefinations.ValidateRegistation] [user_enters_registration_details_and_clicks_on_Register] [stepDefinations.ValidateRegistation.user_enters_registration_details_and_clicks_on_Register(ValidateRegistation.java:56)] - entering the registation details
2020-04-11 10:05:30.909 INFO [main] [stepDefinations.ValidateRegistation] [user_enters_registration_details_and_clicks_on_Register] [stepDefinations.ValidateRegistation.user_enters_registration_details_and_clicks_on_Register(ValidateRegistation.java:58)] - the details are submitted successfully
2020-04-11 10:05:30.991 ERROR [main] [stepDefinations.ValidateRegistation] [verify_that_user_is_able_register_or_not] [stepDefinations.ValidateRegistation.verify_that_user_is_able_register_or_not(ValidateRegistation.java:68)] -  the specified email is already exist
2020-04-11 10:05:30.992 DEBUG [main] [stepDefinations.ValidateRegistation] [verify_that_user_is_able_register_or_not] [stepDefinations.ValidateRegistation.verify_that_user_is_able_register_or_not(ValidateRegistation.java:72)] - taking screenshot
2020-04-11 10:05:31.367 INFO [main] [stepDefinations.ValidateRegistation] [verify_that_user_is_able_register_or_not] [stepDefinations.ValidateRegistation.verify_that_user_is_able_register_or_not(ValidateRegistation.java:74)] - the registration status screenshot have been taken successfully
2020-04-11 10:05:31.451 INFO [main] [stepDefinations.ValidateRegistation] [application_should_be_closed] [stepDefinations.ValidateRegistation.application_should_be_closed(ValidateRegistation.java:81)] - application closed successfully
2020-04-11 10:05:31.470 DEBUG [main] [stepDefinations.ValidateLogin] [intialize_the_browser_with_chrome] [stepDefinations.ValidateLogin.intialize_the_browser_with_chrome(ValidateLogin.java:24)] - setting chrome driver property
2020-04-11 10:05:40.944 INFO [main] [stepDefinations.ValidateLogin] [intialize_the_browser_with_chrome] [stepDefinations.ValidateLogin.intialize_the_browser_with_chrome(ValidateLogin.java:26)] - chrome driver intialized successfully
2020-04-11 10:05:40.950 DEBUG [main] [stepDefinations.ValidateLogin] [user_enter_navigate_to_Home_Page] [stepDefinations.ValidateLogin.user_enter_navigate_to_Home_Page(ValidateLogin.java:32)] - hitting the demo web shop website url
2020-04-11 10:05:43.528 DEBUG [main] [stepDefinations.ValidateLogin] [click_on_login_in_home_page_to_land_on_secure_sign_in_page] [stepDefinations.ValidateLogin.click_on_login_in_home_page_to_land_on_secure_sign_in_page(ValidateLogin.java:40)] - clickig on login button
2020-04-11 10:05:44.312 INFO [main] [stepDefinations.ValidateLogin] [click_on_login_in_home_page_to_land_on_secure_sign_in_page] [stepDefinations.ValidateLogin.click_on_login_in_home_page_to_land_on_secure_sign_in_page(ValidateLogin.java:42)] - navigated to login page
2020-04-11 10:05:44.316 DEBUG [main] [stepDefinations.ValidateLogin] [user_enters_and_and_login] [stepDefinations.ValidateLogin.user_enters_and_and_login(ValidateLogin.java:48)] - entering the login details
2020-04-11 10:05:46.298 INFO [main] [stepDefinations.ValidateLogin] [user_enters_and_and_login] [stepDefinations.ValidateLogin.user_enters_and_and_login(ValidateLogin.java:52)] - login successfully
2020-04-11 10:05:46.444 DEBUG [main] [stepDefinations.ValidateLogin] [verify_that_user_is_successfully_login_or_not] [stepDefinations.ValidateLogin.verify_that_user_is_successfully_login_or_not(ValidateLogin.java:59)] - taking screenshot
2020-04-11 10:05:46.889 INFO [main] [stepDefinations.ValidateLogin] [verify_that_user_is_successfully_login_or_not] [stepDefinations.ValidateLogin.verify_that_user_is_successfully_login_or_not(ValidateLogin.java:61)] - the login status screenshot have been  taken successfully
2020-04-11 10:05:46.982 INFO [main] [stepDefinations.ValidateLogin] [application_should_be_closed] [stepDefinations.ValidateLogin.application_should_be_closed(ValidateLogin.java:68)] - application closed successfully
2020-04-11 10:05:46.990 DEBUG [main] [stepDefinations.ValidateTextAndImage] [intialize_the_browser_with_chrome] [stepDefinations.ValidateTextAndImage.intialize_the_browser_with_chrome(ValidateTextAndImage.java:23)] - setting chrome driver property
2020-04-11 10:05:56.703 INFO [main] [stepDefinations.ValidateTextAndImage] [intialize_the_browser_with_chrome] [stepDefinations.ValidateTextAndImage.intialize_the_browser_with_chrome(ValidateTextAndImage.java:25)] - chrome driver intialized successfully
2020-04-11 10:05:56.711 DEBUG [main] [stepDefinations.ValidateTextAndImage] [user_enter_navigated_to_home_page] [stepDefinations.ValidateTextAndImage.user_enter_navigated_to_home_page(ValidateTextAndImage.java:30)] - hitting the demo web shop website url
2020-04-11 10:06:00.169 INFO [main] [stepDefinations.ValidateTextAndImage] [user_enter_navigated_to_home_page] [stepDefinations.ValidateTextAndImage.user_enter_navigated_to_home_page(ValidateTextAndImage.java:32)] - landed on the home page
2020-04-11 10:06:00.248 DEBUG [main] [stepDefinations.ValidateTextAndImage] [verify_that_user_is_able_to_see_the_Feature_Products_text_is_present_in_the_home_page_or_not] [stepDefinations.ValidateTextAndImage.verify_that_user_is_able_to_see_the_Feature_Products_text_is_present_in_the_home_page_or_not(ValidateTextAndImage.java:40)] - validating specified text
2020-04-11 10:06:00.251 INFO [main] [stepDefinations.ValidateTextAndImage] [verify_that_user_is_able_to_see_the_Feature_Products_text_is_present_in_the_home_page_or_not] [stepDefinations.ValidateTextAndImage.verify_that_user_is_able_to_see_the_Feature_Products_text_is_present_in_the_home_page_or_not(ValidateTextAndImage.java:42)] - the specified text is present
2020-04-11 10:06:00.254 DEBUG [main] [stepDefinations.ValidateTextAndImage] [verify_that_user_is_able_to_see_the_demo_webshop_image_is_present_in_the_home_page_or_not] [stepDefinations.ValidateTextAndImage.verify_that_user_is_able_to_see_the_demo_webshop_image_is_present_in_the_home_page_or_not(ValidateTextAndImage.java:49)] - validating image
2020-04-11 10:06:00.347 INFO [main] [stepDefinations.ValidateTextAndImage] [verify_that_user_is_able_to_see_the_demo_webshop_image_is_present_in_the_home_page_or_not] [stepDefinations.ValidateTextAndImage.verify_that_user_is_able_to_see_the_demo_webshop_image_is_present_in_the_home_page_or_not(ValidateTextAndImage.java:51)] - the specified image is present
2020-04-11 10:06:00.347 DEBUG [main] [stepDefinations.ValidateTextAndImage] [verify_that_user_is_able_to_see_the_demo_webshop_image_is_present_in_the_home_page_or_not] [stepDefinations.ValidateTextAndImage.verify_that_user_is_able_to_see_the_demo_webshop_image_is_present_in_the_home_page_or_not(ValidateTextAndImage.java:52)] - taking screenshot
2020-04-11 10:06:00.757 INFO [main] [stepDefinations.ValidateTextAndImage] [verify_that_user_is_able_to_see_the_demo_webshop_image_is_present_in_the_home_page_or_not] [stepDefinations.ValidateTextAndImage.verify_that_user_is_able_to_see_the_demo_webshop_image_is_present_in_the_home_page_or_not(ValidateTextAndImage.java:54)] - the image screen shot taken successfully
2020-04-11 10:06:00.846 INFO [main] [stepDefinations.ValidateTextAndImage] [application_should_be_closed] [stepDefinations.ValidateTextAndImage.application_should_be_closed(ValidateTextAndImage.java:60)] - application closed successfully
2020-04-11 10:06:00.853 DEBUG [main] [stepDefinations.BookNavigationPages] [intialize_the_browser_with_chrome_driver] [stepDefinations.BookNavigationPages.intialize_the_browser_with_chrome_driver(BookNavigationPages.java:22)] - setting chrome driver property
2020-04-11 10:06:10.437 INFO [main] [stepDefinations.BookNavigationPages] [intialize_the_browser_with_chrome_driver] [stepDefinations.BookNavigationPages.intialize_the_browser_with_chrome_driver(BookNavigationPages.java:24)] - chrome driver intialized successfully
2020-04-11 10:06:10.440 DEBUG [main] [stepDefinations.BookNavigationPages] [user_enters_something_navigated_to_home_page] [stepDefinations.BookNavigationPages.user_enters_something_navigated_to_home_page(BookNavigationPages.java:29)] - hitting the demo web shop website url
2020-04-11 10:06:14.163 INFO [main] [stepDefinations.BookNavigationPages] [user_enters_something_navigated_to_home_page] [stepDefinations.BookNavigationPages.user_enters_something_navigated_to_home_page(BookNavigationPages.java:31)] - landed on the home page
2020-04-11 10:06:14.167 DEBUG [main] [stepDefinations.BookNavigationPages] [user_clicks_on_book_link] [stepDefinations.BookNavigationPages.user_clicks_on_book_link(BookNavigationPages.java:37)] - licking on book button
2020-04-11 10:06:15.228 INFO [main] [stepDefinations.BookNavigationPages] [user_clicks_on_book_link] [stepDefinations.BookNavigationPages.user_clicks_on_book_link(BookNavigationPages.java:39)] - navigated to book page successfully
2020-04-11 10:06:15.236 DEBUG [main] [stepDefinations.BookNavigationPages] [verify_that_user_is_able_to_navigated_to_webshop_book_page_or_not] [stepDefinations.BookNavigationPages.verify_that_user_is_able_to_navigated_to_webshop_book_page_or_not(BookNavigationPages.java:46)] - taking screenshot
2020-04-11 10:06:15.623 INFO [main] [stepDefinations.BookNavigationPages] [verify_that_user_is_able_to_navigated_to_webshop_book_page_or_not] [stepDefinations.BookNavigationPages.verify_that_user_is_able_to_navigated_to_webshop_book_page_or_not(BookNavigationPages.java:48)] - the navigation page screenshot have been taken successfully
2020-04-11 10:06:15.745 INFO [main] [stepDefinations.BookNavigationPages] [application_should_be_closed] [stepDefinations.BookNavigationPages.application_should_be_closed(BookNavigationPages.java:53)] - application closed successfully
2020-04-11 10:06:15.760 DEBUG [main] [stepDefinations.BookNavigationPages] [intialize_The_browser_with_chrome_driver] [stepDefinations.ValidateSortByFiletr.intialize_The_browser_with_chrome_driver(ValidateSortByFiletr.java:17)] - setting chrome driver property
2020-04-11 10:06:25.336 INFO [main] [stepDefinations.BookNavigationPages] [intialize_The_browser_with_chrome_driver] [stepDefinations.ValidateSortByFiletr.intialize_The_browser_with_chrome_driver(ValidateSortByFiletr.java:19)] - chrome driver intialized successfully
2020-04-11 10:06:25.343 DEBUG [main] [stepDefinations.BookNavigationPages] [user_Enters_navigated_to_home_page] [stepDefinations.ValidateSortByFiletr.user_Enters_navigated_to_home_page(ValidateSortByFiletr.java:24)] - hitting the demo web shop website url
2020-04-11 10:06:28.245 INFO [main] [stepDefinations.BookNavigationPages] [user_Enters_navigated_to_home_page] [stepDefinations.ValidateSortByFiletr.user_Enters_navigated_to_home_page(ValidateSortByFiletr.java:26)] - landed on the home page
2020-04-11 10:06:28.248 DEBUG [main] [stepDefinations.BookNavigationPages] [user_clicks_on_digital_link] [stepDefinations.ValidateSortByFiletr.user_clicks_on_digital_link(ValidateSortByFiletr.java:33)] - licking on book button
2020-04-11 10:06:30.184 INFO [main] [stepDefinations.BookNavigationPages] [user_clicks_on_digital_link] [stepDefinations.ValidateSortByFiletr.user_clicks_on_digital_link(ValidateSortByFiletr.java:35)] - navigated to book page successfully
2020-04-11 10:06:30.186 DEBUG [main] [stepDefinations.BookNavigationPages] [selecting_low_to_high_price_filter_in_Sort_By_drop_down] [stepDefinations.ValidateSortByFiletr.selecting_low_to_high_price_filter_in_Sort_By_drop_down(ValidateSortByFiletr.java:41)] - selecting low to high price filter in sort by drop down
2020-04-11 10:06:31.029 INFO [main] [stepDefinations.BookNavigationPages] [selecting_low_to_high_price_filter_in_Sort_By_drop_down] [stepDefinations.ValidateSortByFiletr.selecting_low_to_high_price_filter_in_Sort_By_drop_down(ValidateSortByFiletr.java:43)] - the low to high price filter have been selected successfully
2020-04-11 10:06:31.030 DEBUG [main] [stepDefinations.BookNavigationPages] [selecting_low_to_high_price_filter_in_Sort_By_drop_down] [stepDefinations.ValidateSortByFiletr.selecting_low_to_high_price_filter_in_Sort_By_drop_down(ValidateSortByFiletr.java:44)] - taking screenshot
2020-04-11 10:06:31.414 INFO [main] [stepDefinations.BookNavigationPages] [selecting_low_to_high_price_filter_in_Sort_By_drop_down] [stepDefinations.ValidateSortByFiletr.selecting_low_to_high_price_filter_in_Sort_By_drop_down(ValidateSortByFiletr.java:46)] - the selected  filter screenshot have been taken successfully
2020-04-11 10:06:31.577 DEBUG [main] [stepDefinations.BookNavigationPages] [veryfy_that_the_displayed_products_in_low_to_high_price_or_not] [stepDefinations.ValidateSortByFiletr.veryfy_that_the_displayed_products_in_low_to_high_price_or_not(ValidateSortByFiletr.java:56)] - now validating the  price filter
2020-04-11 10:06:31.578 INFO [main] [stepDefinations.BookNavigationPages] [veryfy_that_the_displayed_products_in_low_to_high_price_or_not] [stepDefinations.ValidateSortByFiletr.veryfy_that_the_displayed_products_in_low_to_high_price_or_not(ValidateSortByFiletr.java:58)] - the products are displyed in low to high price
2020-04-11 10:06:31.658 INFO [main] [stepDefinations.BookNavigationPages] [application_Should_Be_Closed] [stepDefinations.ValidateSortByFiletr.application_Should_Be_Closed(ValidateSortByFiletr.java:68)] - application closed successfully
2020-04-11 10:15:59.013 DEBUG [main] [stepDefinations.ValidateRegistation] [intialize_the_browser_with_chrome_Driver] [stepDefinations.ValidateRegistation.intialize_the_browser_with_chrome_Driver(ValidateRegistation.java:22)] - setting chrome driver property
2020-04-11 10:16:00.667 DEBUG [main] [stepDefinations.ValidateLogin] [intialize_the_browser_with_chrome] [stepDefinations.ValidateLogin.intialize_the_browser_with_chrome(ValidateLogin.java:24)] - setting chrome driver property
2020-04-11 10:16:01.275 DEBUG [main] [stepDefinations.ValidateTextAndImage] [intialize_the_browser_with_chrome] [stepDefinations.ValidateTextAndImage.intialize_the_browser_with_chrome(ValidateTextAndImage.java:23)] - setting chrome driver property
2020-04-11 10:16:01.867 DEBUG [main] [stepDefinations.BookNavigationPages] [intialize_the_browser_with_chrome_driver] [stepDefinations.BookNavigationPages.intialize_the_browser_with_chrome_driver(BookNavigationPages.java:22)] - setting chrome driver property
2020-04-11 10:16:02.465 DEBUG [main] [stepDefinations.BookNavigationPages] [intialize_The_browser_with_chrome_driver] [stepDefinations.ValidateSortByFiletr.intialize_The_browser_with_chrome_driver(ValidateSortByFiletr.java:17)] - setting chrome driver property
2020-04-11 10:24:39.976 DEBUG [main] [stepDefinations.ValidateRegistation] [intialize_the_browser_with_chrome_Driver] [stepDefinations.ValidateRegistation.intialize_the_browser_with_chrome_Driver(ValidateRegistation.java:22)] - setting chrome driver property
2020-04-11 10:24:41.293 DEBUG [main] [stepDefinations.ValidateLogin] [intialize_the_browser_with_chrome] [stepDefinations.ValidateLogin.intialize_the_browser_with_chrome(ValidateLogin.java:24)] - setting chrome driver property
2020-04-11 10:24:41.877 DEBUG [main] [stepDefinations.ValidateTextAndImage] [intialize_the_browser_with_chrome] [stepDefinations.ValidateTextAndImage.intialize_the_browser_with_chrome(ValidateTextAndImage.java:23)] - setting chrome driver property
2020-04-11 10:24:42.459 DEBUG [main] [stepDefinations.BookNavigationPages] [intialize_the_browser_with_chrome_driver] [stepDefinations.BookNavigationPages.intialize_the_browser_with_chrome_driver(BookNavigationPages.java:22)] - setting chrome driver property
2020-04-11 10:24:43.040 DEBUG [main] [stepDefinations.BookNavigationPages] [intialize_The_browser_with_chrome_driver] [stepDefinations.ValidateSortByFiletr.intialize_The_browser_with_chrome_driver(ValidateSortByFiletr.java:17)] - setting chrome driver property
2020-04-11 10:27:08.530 DEBUG [main] [stepDefinations.ValidateRegistation] [intialize_the_browser_with_chrome_Driver] [stepDefinations.ValidateRegistation.intialize_the_browser_with_chrome_Driver(ValidateRegistation.java:22)] - setting chrome driver property
2020-04-11 10:27:19.114 INFO [main] [stepDefinations.ValidateRegistation] [intialize_the_browser_with_chrome_Driver] [stepDefinations.ValidateRegistation.intialize_the_browser_with_chrome_Driver(ValidateRegistation.java:24)] - chrome driver intialized successfully
2020-04-11 10:27:19.135 DEBUG [main] [stepDefinations.ValidateRegistation] [user_enters_Navigate_to_Home_page] [stepDefinations.ValidateRegistation.user_enters_Navigate_to_Home_page(ValidateRegistation.java:30)] - hitting the demo web shop website url
2020-04-11 10:27:23.161 INFO [main] [stepDefinations.ValidateRegistation] [user_enters_Navigate_to_Home_page] [stepDefinations.ValidateRegistation.user_enters_Navigate_to_Home_page(ValidateRegistation.java:32)] - landed on the home page
2020-04-11 10:27:23.228 INFO [main] [stepDefinations.ValidateRegistation] [click_on_Register_in_home_page_to_land_on_secure_Registration_page] [stepDefinations.ValidateRegistation.click_on_Register_in_home_page_to_land_on_secure_Registration_page(ValidateRegistation.java:39)] - clicking on register button
2020-04-11 10:27:24.167 INFO [main] [stepDefinations.ValidateRegistation] [click_on_Register_in_home_page_to_land_on_secure_Registration_page] [stepDefinations.ValidateRegistation.click_on_Register_in_home_page_to_land_on_secure_Registration_page(ValidateRegistation.java:41)] - navigated to register page successfully
2020-04-11 10:27:25.164 DEBUG [main] [stepDefinations.ValidateRegistation] [user_enters_registration_details_and_clicks_on_Register] [stepDefinations.ValidateRegistation.user_enters_registration_details_and_clicks_on_Register(ValidateRegistation.java:56)] - entering the registation details
2020-04-11 10:27:27.736 INFO [main] [stepDefinations.ValidateRegistation] [user_enters_registration_details_and_clicks_on_Register] [stepDefinations.ValidateRegistation.user_enters_registration_details_and_clicks_on_Register(ValidateRegistation.java:58)] - the details are submitted successfully
2020-04-11 10:27:27.851 ERROR [main] [stepDefinations.ValidateRegistation] [verify_that_user_is_able_register_or_not] [stepDefinations.ValidateRegistation.verify_that_user_is_able_register_or_not(ValidateRegistation.java:68)] -  the specified email is already exist
2020-04-11 10:27:27.851 DEBUG [main] [stepDefinations.ValidateRegistation] [verify_that_user_is_able_register_or_not] [stepDefinations.ValidateRegistation.verify_that_user_is_able_register_or_not(ValidateRegistation.java:72)] - taking screenshot
2020-04-11 10:27:28.273 INFO [main] [stepDefinations.ValidateRegistation] [verify_that_user_is_able_register_or_not] [stepDefinations.ValidateRegistation.verify_that_user_is_able_register_or_not(ValidateRegistation.java:74)] - the registration status screenshot have been taken successfully
2020-04-11 10:27:28.352 INFO [main] [stepDefinations.ValidateRegistation] [application_should_be_closed] [stepDefinations.ValidateRegistation.application_should_be_closed(ValidateRegistation.java:81)] - application closed successfully
2020-04-11 10:27:28.374 DEBUG [main] [stepDefinations.ValidateLogin] [intialize_the_browser_with_chrome] [stepDefinations.ValidateLogin.intialize_the_browser_with_chrome(ValidateLogin.java:24)] - setting chrome driver property
2020-04-11 10:27:37.875 INFO [main] [stepDefinations.ValidateLogin] [intialize_the_browser_with_chrome] [stepDefinations.ValidateLogin.intialize_the_browser_with_chrome(ValidateLogin.java:26)] - chrome driver intialized successfully
2020-04-11 10:27:37.880 DEBUG [main] [stepDefinations.ValidateLogin] [user_enter_navigate_to_Home_Page] [stepDefinations.ValidateLogin.user_enter_navigate_to_Home_Page(ValidateLogin.java:32)] - hitting the demo web shop website url
2020-04-11 10:27:41.770 DEBUG [main] [stepDefinations.ValidateLogin] [click_on_login_in_home_page_to_land_on_secure_sign_in_page] [stepDefinations.ValidateLogin.click_on_login_in_home_page_to_land_on_secure_sign_in_page(ValidateLogin.java:40)] - clickig on login button
2020-04-11 10:27:42.610 INFO [main] [stepDefinations.ValidateLogin] [click_on_login_in_home_page_to_land_on_secure_sign_in_page] [stepDefinations.ValidateLogin.click_on_login_in_home_page_to_land_on_secure_sign_in_page(ValidateLogin.java:42)] - navigated to login page
2020-04-11 10:27:42.633 DEBUG [main] [stepDefinations.ValidateLogin] [user_enters_and_and_login] [stepDefinations.ValidateLogin.user_enters_and_and_login(ValidateLogin.java:48)] - entering the login details
2020-04-11 10:27:44.283 INFO [main] [stepDefinations.ValidateLogin] [user_enters_and_and_login] [stepDefinations.ValidateLogin.user_enters_and_and_login(ValidateLogin.java:52)] - login successfully
2020-04-11 10:27:44.424 DEBUG [main] [stepDefinations.ValidateLogin] [verify_that_user_is_successfully_login_or_not] [stepDefinations.ValidateLogin.verify_that_user_is_successfully_login_or_not(ValidateLogin.java:59)] - taking screenshot
2020-04-11 10:27:44.949 INFO [main] [stepDefinations.ValidateLogin] [verify_that_user_is_successfully_login_or_not] [stepDefinations.ValidateLogin.verify_that_user_is_successfully_login_or_not(ValidateLogin.java:61)] - the login status screenshot have been  taken successfully
2020-04-11 10:27:45.051 INFO [main] [stepDefinations.ValidateLogin] [application_should_be_closed] [stepDefinations.ValidateLogin.application_should_be_closed(ValidateLogin.java:68)] - application closed successfully
2020-04-11 10:27:45.061 DEBUG [main] [stepDefinations.ValidateTextAndImage] [intialize_the_browser_with_chrome] [stepDefinations.ValidateTextAndImage.intialize_the_browser_with_chrome(ValidateTextAndImage.java:23)] - setting chrome driver property
2020-04-11 10:27:54.746 INFO [main] [stepDefinations.ValidateTextAndImage] [intialize_the_browser_with_chrome] [stepDefinations.ValidateTextAndImage.intialize_the_browser_with_chrome(ValidateTextAndImage.java:25)] - chrome driver intialized successfully
2020-04-11 10:27:54.748 DEBUG [main] [stepDefinations.ValidateTextAndImage] [user_enter_navigated_to_home_page] [stepDefinations.ValidateTextAndImage.user_enter_navigated_to_home_page(ValidateTextAndImage.java:30)] - hitting the demo web shop website url
2020-04-11 10:27:57.989 INFO [main] [stepDefinations.ValidateTextAndImage] [user_enter_navigated_to_home_page] [stepDefinations.ValidateTextAndImage.user_enter_navigated_to_home_page(ValidateTextAndImage.java:32)] - landed on the home page
2020-04-11 10:27:58.088 DEBUG [main] [stepDefinations.ValidateTextAndImage] [verify_that_user_is_able_to_see_the_Feature_Products_text_is_present_in_the_home_page_or_not] [stepDefinations.ValidateTextAndImage.verify_that_user_is_able_to_see_the_Feature_Products_text_is_present_in_the_home_page_or_not(ValidateTextAndImage.java:40)] - validating specified text
2020-04-11 10:27:58.091 INFO [main] [stepDefinations.ValidateTextAndImage] [verify_that_user_is_able_to_see_the_Feature_Products_text_is_present_in_the_home_page_or_not] [stepDefinations.ValidateTextAndImage.verify_that_user_is_able_to_see_the_Feature_Products_text_is_present_in_the_home_page_or_not(ValidateTextAndImage.java:42)] - the specified text is present
2020-04-11 10:27:58.095 DEBUG [main] [stepDefinations.ValidateTextAndImage] [verify_that_user_is_able_to_see_the_demo_webshop_image_is_present_in_the_home_page_or_not] [stepDefinations.ValidateTextAndImage.verify_that_user_is_able_to_see_the_demo_webshop_image_is_present_in_the_home_page_or_not(ValidateTextAndImage.java:49)] - validating image
2020-04-11 10:27:58.149 INFO [main] [stepDefinations.ValidateTextAndImage] [verify_that_user_is_able_to_see_the_demo_webshop_image_is_present_in_the_home_page_or_not] [stepDefinations.ValidateTextAndImage.verify_that_user_is_able_to_see_the_demo_webshop_image_is_present_in_the_home_page_or_not(ValidateTextAndImage.java:51)] - the specified image is present
2020-04-11 10:27:58.149 DEBUG [main] [stepDefinations.ValidateTextAndImage] [verify_that_user_is_able_to_see_the_demo_webshop_image_is_present_in_the_home_page_or_not] [stepDefinations.ValidateTextAndImage.verify_that_user_is_able_to_see_the_demo_webshop_image_is_present_in_the_home_page_or_not(ValidateTextAndImage.java:52)] - taking screenshot
2020-04-11 10:27:58.720 INFO [main] [stepDefinations.ValidateTextAndImage] [verify_that_user_is_able_to_see_the_demo_webshop_image_is_present_in_the_home_page_or_not] [stepDefinations.ValidateTextAndImage.verify_that_user_is_able_to_see_the_demo_webshop_image_is_present_in_the_home_page_or_not(ValidateTextAndImage.java:54)] - the image screen shot taken successfully
2020-04-11 10:27:58.803 INFO [main] [stepDefinations.ValidateTextAndImage] [application_should_be_closed] [stepDefinations.ValidateTextAndImage.application_should_be_closed(ValidateTextAndImage.java:60)] - application closed successfully
2020-04-11 10:27:58.812 DEBUG [main] [stepDefinations.BookNavigationPages] [intialize_the_browser_with_chrome_driver] [stepDefinations.BookNavigationPages.intialize_the_browser_with_chrome_driver(BookNavigationPages.java:22)] - setting chrome driver property
2020-04-11 10:28:08.541 INFO [main] [stepDefinations.BookNavigationPages] [intialize_the_browser_with_chrome_driver] [stepDefinations.BookNavigationPages.intialize_the_browser_with_chrome_driver(BookNavigationPages.java:24)] - chrome driver intialized successfully
2020-04-11 10:28:08.552 DEBUG [main] [stepDefinations.BookNavigationPages] [user_enters_something_navigated_to_home_page] [stepDefinations.BookNavigationPages.user_enters_something_navigated_to_home_page(BookNavigationPages.java:29)] - hitting the demo web shop website url
2020-04-11 10:28:12.302 INFO [main] [stepDefinations.BookNavigationPages] [user_enters_something_navigated_to_home_page] [stepDefinations.BookNavigationPages.user_enters_something_navigated_to_home_page(BookNavigationPages.java:31)] - landed on the home page
2020-04-11 10:28:12.305 DEBUG [main] [stepDefinations.BookNavigationPages] [user_clicks_on_book_link] [stepDefinations.BookNavigationPages.user_clicks_on_book_link(BookNavigationPages.java:37)] - licking on book button
2020-04-11 10:28:13.367 INFO [main] [stepDefinations.BookNavigationPages] [user_clicks_on_book_link] [stepDefinations.BookNavigationPages.user_clicks_on_book_link(BookNavigationPages.java:39)] - navigated to book page successfully
2020-04-11 10:28:13.377 DEBUG [main] [stepDefinations.BookNavigationPages] [verify_that_user_is_able_to_navigated_to_webshop_book_page_or_not] [stepDefinations.BookNavigationPages.verify_that_user_is_able_to_navigated_to_webshop_book_page_or_not(BookNavigationPages.java:46)] - taking screenshot
2020-04-11 10:28:13.759 INFO [main] [stepDefinations.BookNavigationPages] [verify_that_user_is_able_to_navigated_to_webshop_book_page_or_not] [stepDefinations.BookNavigationPages.verify_that_user_is_able_to_navigated_to_webshop_book_page_or_not(BookNavigationPages.java:48)] - the navigation page screenshot have been taken successfully
2020-04-11 10:28:13.825 INFO [main] [stepDefinations.BookNavigationPages] [application_should_be_closed] [stepDefinations.BookNavigationPages.application_should_be_closed(BookNavigationPages.java:53)] - application closed successfully
2020-04-11 10:28:13.833 DEBUG [main] [stepDefinations.BookNavigationPages] [intialize_The_browser_with_chrome_driver] [stepDefinations.ValidateSortByFiletr.intialize_The_browser_with_chrome_driver(ValidateSortByFiletr.java:17)] - setting chrome driver property
2020-04-11 10:28:23.285 INFO [main] [stepDefinations.BookNavigationPages] [intialize_The_browser_with_chrome_driver] [stepDefinations.ValidateSortByFiletr.intialize_The_browser_with_chrome_driver(ValidateSortByFiletr.java:19)] - chrome driver intialized successfully
2020-04-11 10:28:23.287 DEBUG [main] [stepDefinations.BookNavigationPages] [user_Enters_navigated_to_home_page] [stepDefinations.ValidateSortByFiletr.user_Enters_navigated_to_home_page(ValidateSortByFiletr.java:24)] - hitting the demo web shop website url
2020-04-11 10:28:27.492 INFO [main] [stepDefinations.BookNavigationPages] [user_Enters_navigated_to_home_page] [stepDefinations.ValidateSortByFiletr.user_Enters_navigated_to_home_page(ValidateSortByFiletr.java:26)] - landed on the home page
2020-04-11 10:28:27.498 DEBUG [main] [stepDefinations.BookNavigationPages] [user_clicks_on_digital_link] [stepDefinations.ValidateSortByFiletr.user_clicks_on_digital_link(ValidateSortByFiletr.java:33)] - licking on book button
2020-04-11 10:28:28.799 INFO [main] [stepDefinations.BookNavigationPages] [user_clicks_on_digital_link] [stepDefinations.ValidateSortByFiletr.user_clicks_on_digital_link(ValidateSortByFiletr.java:35)] - navigated to book page successfully
2020-04-11 10:28:28.806 DEBUG [main] [stepDefinations.BookNavigationPages] [selecting_low_to_high_price_filter_in_Sort_By_drop_down] [stepDefinations.ValidateSortByFiletr.selecting_low_to_high_price_filter_in_Sort_By_drop_down(ValidateSortByFiletr.java:41)] - selecting low to high price filter in sort by drop down
2020-04-11 10:28:29.837 INFO [main] [stepDefinations.BookNavigationPages] [selecting_low_to_high_price_filter_in_Sort_By_drop_down] [stepDefinations.ValidateSortByFiletr.selecting_low_to_high_price_filter_in_Sort_By_drop_down(ValidateSortByFiletr.java:43)] - the low to high price filter have been selected successfully
2020-04-11 10:28:29.838 DEBUG [main] [stepDefinations.BookNavigationPages] [selecting_low_to_high_price_filter_in_Sort_By_drop_down] [stepDefinations.ValidateSortByFiletr.selecting_low_to_high_price_filter_in_Sort_By_drop_down(ValidateSortByFiletr.java:44)] - taking screenshot
2020-04-11 10:28:30.268 INFO [main] [stepDefinations.BookNavigationPages] [selecting_low_to_high_price_filter_in_Sort_By_drop_down] [stepDefinations.ValidateSortByFiletr.selecting_low_to_high_price_filter_in_Sort_By_drop_down(ValidateSortByFiletr.java:46)] - the selected  filter screenshot have been taken successfully
2020-04-11 10:28:30.424 DEBUG [main] [stepDefinations.BookNavigationPages] [veryfy_that_the_displayed_products_in_low_to_high_price_or_not] [stepDefinations.ValidateSortByFiletr.veryfy_that_the_displayed_products_in_low_to_high_price_or_not(ValidateSortByFiletr.java:56)] - now validating the  price filter
2020-04-11 10:28:30.424 INFO [main] [stepDefinations.BookNavigationPages] [veryfy_that_the_displayed_products_in_low_to_high_price_or_not] [stepDefinations.ValidateSortByFiletr.veryfy_that_the_displayed_products_in_low_to_high_price_or_not(ValidateSortByFiletr.java:58)] - the products are displyed in low to high price
2020-04-11 10:28:30.568 INFO [main] [stepDefinations.BookNavigationPages] [application_Should_Be_Closed] [stepDefinations.ValidateSortByFiletr.application_Should_Be_Closed(ValidateSortByFiletr.java:68)] - application closed successfully
